#
# There is insufficient memory for the Java Runtime Environment to continue.
# Native memory allocation (malloc) failed to allocate 264576 bytes. Error detail: Chunk::new
# Possible reasons:
#   The system is out of physical RAM or swap space
#   This process is running with CompressedOops enabled, and the Java Heap may be blocking the growth of the native heap
# Possible solutions:
#   Reduce memory load on the system
#   Increase physical memory or swap space
#   Check if swap backing store is full
#   Decrease Java heap size (-Xmx/-Xms)
#   Decrease number of Java threads
#   Decrease Java thread stack sizes (-Xss)
#   Set larger code cache with -XX:ReservedCodeCacheSize=
#   JVM is running with Zero Based Compressed Oops mode in which the Java heap is
#     placed in the first 32GB address space. The Java Heap base address is the
#     maximum limit for the native heap growth. Please use -XX:HeapBaseMinAddress
#     to set the Java Heap base and to place the Java Heap above 32GB virtual address.
# This output file may be truncated or incomplete.
#
#  Out of Memory Error (arena.cpp:149), pid=10412, tid=18120
#
# JRE version: OpenJDK Runtime Environment (23.0.1+11) (build 23.0.1+11-39)
# Java VM: OpenJDK 64-Bit Server VM (23.0.1+11-39, mixed mode, sharing, tiered, compressed oops, compressed class ptrs, g1 gc, windows-amd64)
# No core dump will be written. Minidumps are not enabled by default on client versions of Windows
#

---------------  S U M M A R Y ------------

Command Line: -javaagent:C:\Program Files\JetBrains\IntelliJ IDEA Community Edition 2024.3.2.2\lib\idea_rt.jar=61004:C:\Program Files\JetBrains\IntelliJ IDEA Community Edition 2024.3.2.2\bin -Dfile.encoding=UTF-8 -Dsun.stdout.encoding=UTF-8 -Dsun.stderr.encoding=UTF-8 com.hieunguyen.ShopStoreApplication

Host: 13th Gen Intel(R) Core(TM) i5-13400, 16 cores, 15G,  Windows 11 , 64 bit Build 26100 (10.0.26100.3775)
Time: Sun Apr 13 13:28:26 2025 SE Asia Standard Time elapsed time: 7625.628007 seconds (0d 2h 7m 5s)

---------------  T H R E A D  ---------------

Current thread (0x000001b5dd185380):  JavaThread "C2 CompilerThread0" daemon [_thread_in_native, id=18120, stack(0x00000019a0600000,0x00000019a0700000) (1024K)]


Current CompileTask:
C2:7625628 17950       4       java.math.BigInteger::montReduce (99 bytes)

Stack: [0x00000019a0600000,0x00000019a0700000]
Native frames: (J=compiled Java code, j=interpreted, Vv=VM code, C=native code)
V  [jvm.dll+0x6e08b9]  (no source info available)
V  [jvm.dll+0x87dc83]  (no source info available)
V  [jvm.dll+0x88010e]  (no source info available)
V  [jvm.dll+0x8807e3]  (no source info available)
V  [jvm.dll+0x27aee6]  (no source info available)
V  [jvm.dll+0xbc06f]  (no source info available)
V  [jvm.dll+0xbc2cb]  (no source info available)
V  [jvm.dll+0x2ee94d]  (no source info available)
V  [jvm.dll+0x6063d9]  (no source info available)
V  [jvm.dll+0x24ddf2]  (no source info available)
V  [jvm.dll+0x24e1d5]  (no source info available)
V  [jvm.dll+0x246b54]  (no source info available)
V  [jvm.dll+0x243d04]  (no source info available)
V  [jvm.dll+0x1c33a0]  (no source info available)
V  [jvm.dll+0x253cf1]  (no source info available)
V  [jvm.dll+0x251faa]  (no source info available)
V  [jvm.dll+0x3ee036]  (no source info available)
V  [jvm.dll+0x824f8b]  (no source info available)
V  [jvm.dll+0x6df065]  (no source info available)
C  [ucrtbase.dll+0x37b0]  (no source info available)
C  [KERNEL32.DLL+0x2e8d7]  (no source info available)
C  [ntdll.dll+0xb14fc]  (no source info available)

Lock stack of current Java thread (top to bottom):


---------------  P R O C E S S  ---------------

Threads class SMR info:
_java_thread_list=0x000001b6296a7540, length=32, elements={
0x000001b5dd13fde0, 0x000001b5dd140940, 0x000001b5dd146bd0, 0x000001b5dd148770,
0x000001b5dd1720b0, 0x000001b5dd182500, 0x000001b5dd185380, 0x000001b5dd185a40,
0x000001b5dd180430, 0x000001b5dd180ac0, 0x000001b5dd17f080, 0x000001b6238b53f0,
0x000001b6238b5a80, 0x000001b6238bb660, 0x000001b6238bbcf0, 0x000001b6238b9c20,
0x000001b5dd181e70, 0x000001b62a1d4330, 0x000001b62a1d0eb0, 0x000001b62a1d49c0,
0x000001b62a1d1540, 0x000001b62a1d84d0, 0x000001b62a1d5050, 0x000001b62a1d56e0,
0x000001b62a1d5d70, 0x000001b62a1d6400, 0x000001b62a1d6a90, 0x000001b62a1d7120,
0x000001b62a1d7e40, 0x000001b62a1d77b0, 0x000001b62cac2990, 0x000001b62cac3d40
}

Java Threads: ( => current thread )
  0x000001b5dd13fde0 JavaThread "Reference Handler"          daemon [_thread_blocked, id=1756, stack(0x00000019a0000000,0x00000019a0100000) (1024K)]
  0x000001b5dd140940 JavaThread "Finalizer"                  daemon [_thread_blocked, id=23012, stack(0x00000019a0100000,0x00000019a0200000) (1024K)]
  0x000001b5dd146bd0 JavaThread "Signal Dispatcher"          daemon [_thread_blocked, id=20300, stack(0x00000019a0200000,0x00000019a0300000) (1024K)]
  0x000001b5dd148770 JavaThread "Attach Listener"            daemon [_thread_blocked, id=22020, stack(0x00000019a0300000,0x00000019a0400000) (1024K)]
  0x000001b5dd1720b0 JavaThread "Service Thread"             daemon [_thread_blocked, id=2388, stack(0x00000019a0400000,0x00000019a0500000) (1024K)]
  0x000001b5dd182500 JavaThread "Monitor Deflation Thread"   daemon [_thread_blocked, id=20128, stack(0x00000019a0500000,0x00000019a0600000) (1024K)]
=>0x000001b5dd185380 JavaThread "C2 CompilerThread0"         daemon [_thread_in_native, id=18120, stack(0x00000019a0600000,0x00000019a0700000) (1024K)]
  0x000001b5dd185a40 JavaThread "C1 CompilerThread0"         daemon [_thread_blocked, id=14904, stack(0x00000019a0700000,0x00000019a0800000) (1024K)]
  0x000001b5dd180430 JavaThread "Common-Cleaner"             daemon [_thread_blocked, id=23208, stack(0x00000019a0a00000,0x00000019a0b00000) (1024K)]
  0x000001b5dd180ac0 JavaThread "Monitor Ctrl-Break"         daemon [_thread_in_native, id=1588, stack(0x00000019a0b00000,0x00000019a0c00000) (1024K)]
  0x000001b5dd17f080 JavaThread "Notification Thread"        daemon [_thread_blocked, id=6408, stack(0x00000019a0c00000,0x00000019a0d00000) (1024K)]
  0x000001b6238b53f0 JavaThread "mysql-cj-abandoned-connection-cleanup" daemon [_thread_blocked, id=24500, stack(0x00000019a2200000,0x00000019a2300000) (1024K)]
  0x000001b6238b5a80 JavaThread "HikariPool-1 housekeeper"   daemon [_thread_blocked, id=21280, stack(0x00000019a1a00000,0x00000019a1b00000) (1024K)]
  0x000001b6238bb660 JavaThread "Catalina-utility-1"                [_thread_blocked, id=19920, stack(0x00000019a2400000,0x00000019a2500000) (1024K)]
  0x000001b6238bbcf0 JavaThread "Catalina-utility-2"                [_thread_blocked, id=18660, stack(0x00000019a2500000,0x00000019a2600000) (1024K)]
  0x000001b6238b9c20 JavaThread "container-0"                       [_thread_blocked, id=8188, stack(0x00000019a2600000,0x00000019a2700000) (1024K)]
  0x000001b5dd181e70 JavaThread "lettuce-timer-3-1"          daemon [_thread_blocked, id=12564, stack(0x00000019a2700000,0x00000019a2800000) (1024K)]
  0x000001b62a1d4330 JavaThread "http-nio-8080-exec-1"       daemon [_thread_blocked, id=5212, stack(0x00000019a2b00000,0x00000019a2c00000) (1024K)]
  0x000001b62a1d0eb0 JavaThread "http-nio-8080-exec-2"       daemon [_thread_blocked, id=20248, stack(0x00000019a2c00000,0x00000019a2d00000) (1024K)]
  0x000001b62a1d49c0 JavaThread "http-nio-8080-exec-3"       daemon [_thread_blocked, id=1612, stack(0x00000019a2d00000,0x00000019a2e00000) (1024K)]
  0x000001b62a1d1540 JavaThread "http-nio-8080-exec-4"       daemon [_thread_blocked, id=10180, stack(0x00000019a2e00000,0x00000019a2f00000) (1024K)]
  0x000001b62a1d84d0 JavaThread "http-nio-8080-exec-5"       daemon [_thread_blocked, id=19100, stack(0x00000019a2f00000,0x00000019a3000000) (1024K)]
  0x000001b62a1d5050 JavaThread "http-nio-8080-exec-6"       daemon [_thread_blocked, id=21400, stack(0x00000019a3000000,0x00000019a3100000) (1024K)]
  0x000001b62a1d56e0 JavaThread "http-nio-8080-exec-7"       daemon [_thread_blocked, id=7412, stack(0x00000019a3100000,0x00000019a3200000) (1024K)]
  0x000001b62a1d5d70 JavaThread "http-nio-8080-exec-8"       daemon [_thread_blocked, id=9460, stack(0x00000019a3200000,0x00000019a3300000) (1024K)]
  0x000001b62a1d6400 JavaThread "http-nio-8080-exec-9"       daemon [_thread_blocked, id=22472, stack(0x00000019a3300000,0x00000019a3400000) (1024K)]
  0x000001b62a1d6a90 JavaThread "http-nio-8080-exec-10"      daemon [_thread_blocked, id=24308, stack(0x00000019a3400000,0x00000019a3500000) (1024K)]
  0x000001b62a1d7120 JavaThread "http-nio-8080-Poller"       daemon [_thread_in_native, id=4108, stack(0x00000019a3500000,0x00000019a3600000) (1024K)]
  0x000001b62a1d7e40 JavaThread "http-nio-8080-Acceptor"     daemon [_thread_in_native, id=9424, stack(0x00000019a3600000,0x00000019a3700000) (1024K)]
  0x000001b62a1d77b0 JavaThread "DestroyJavaVM"                     [_thread_blocked, id=8060, stack(0x000000199f800000,0x000000199f900000) (1024K)]
  0x000001b62cac2990 JavaThread "HikariPool-1 connection closer" daemon [_thread_blocked, id=25436, stack(0x000000199f500000,0x000000199f600000) (1024K)]
  0x000001b62cac3d40 JavaThread "HikariPool-1 connection adder" daemon [_thread_blocked, id=25440, stack(0x000000199f600000,0x000000199f700000) (1024K)]
Total: 32

Other Threads:
  0x000001b5dcce4950 VMThread "VM Thread"                           [id=11312, stack(0x000000199ff00000,0x00000019a0000000) (1024K)]
  0x000001b5dccd0180 WatcherThread "VM Periodic Task Thread"        [id=17552, stack(0x000000199fe00000,0x000000199ff00000) (1024K)]
  0x000001b5bd147660 WorkerThread "GC Thread#0"                     [id=23328, stack(0x000000199f900000,0x000000199fa00000) (1024K)]
  0x000001b6234341f0 WorkerThread "GC Thread#1"                     [id=19672, stack(0x00000019a0f00000,0x00000019a1000000) (1024K)]
  0x000001b6234345a0 WorkerThread "GC Thread#2"                     [id=2312, stack(0x00000019a1000000,0x00000019a1100000) (1024K)]
  0x000001b623434950 WorkerThread "GC Thread#3"                     [id=11056, stack(0x00000019a1100000,0x00000019a1200000) (1024K)]
  0x000001b623434d00 WorkerThread "GC Thread#4"                     [id=7316, stack(0x00000019a1200000,0x00000019a1300000) (1024K)]
  0x000001b6233c5a40 WorkerThread "GC Thread#5"                     [id=24248, stack(0x00000019a1300000,0x00000019a1400000) (1024K)]
  0x000001b6238f3940 WorkerThread "GC Thread#6"                     [id=15664, stack(0x00000019a1500000,0x00000019a1600000) (1024K)]
  0x000001b6238f3cf0 WorkerThread "GC Thread#7"                     [id=16056, stack(0x00000019a1600000,0x00000019a1700000) (1024K)]
  0x000001b6238f40a0 WorkerThread "GC Thread#8"                     [id=15308, stack(0x00000019a1700000,0x00000019a1800000) (1024K)]
  0x000001b624dfabc0 WorkerThread "GC Thread#9"                     [id=21088, stack(0x00000019a1b00000,0x00000019a1c00000) (1024K)]
  0x000001b624dfa0b0 WorkerThread "GC Thread#10"                    [id=1704, stack(0x00000019a1c00000,0x00000019a1d00000) (1024K)]
  0x000001b624dfaf70 WorkerThread "GC Thread#11"                    [id=20404, stack(0x00000019a1d00000,0x00000019a1e00000) (1024K)]
  0x000001b624dfc1e0 WorkerThread "GC Thread#12"                    [id=9736, stack(0x00000019a1e00000,0x00000019a1f00000) (1024K)]
  0x000001b5bd15d080 ConcurrentGCThread "G1 Main Marker"            [id=17348, stack(0x000000199fa00000,0x000000199fb00000) (1024K)]
  0x000001b5bd15db90 WorkerThread "G1 Conc#0"                       [id=11416, stack(0x000000199fb00000,0x000000199fc00000) (1024K)]
  0x000001b624dfb320 WorkerThread "G1 Conc#1"                       [id=21344, stack(0x00000019a1f00000,0x00000019a2000000) (1024K)]
  0x000001b624dfbe30 WorkerThread "G1 Conc#2"                       [id=22176, stack(0x00000019a2000000,0x00000019a2100000) (1024K)]
  0x000001b5dcba19e0 ConcurrentGCThread "G1 Refine#0"               [id=13260, stack(0x000000199fc00000,0x000000199fd00000) (1024K)]
  0x000001b5dcba2470 ConcurrentGCThread "G1 Service"                [id=12872, stack(0x000000199fd00000,0x000000199fe00000) (1024K)]
Total: 21

Threads with active compile tasks:
C2 CompilerThread0  7625655 17950       4       java.math.BigInteger::montReduce (99 bytes)
Total: 1

VM state: not at safepoint (normal execution)

VM Mutex/Monitor currently owned by a thread: None

Heap address: 0x0000000703c00000, size: 4036 MB, Compressed Oops mode: Zero based, Oop shift amount: 3

CDS archive(s) mapped at: [0x000001b5de000000-0x000001b5ded70000-0x000001b5ded70000), size 14090240, SharedBaseAddress: 0x000001b5de000000, ArchiveRelocationMode: 1.
Compressed class space mapped at: 0x000001b5df000000-0x000001b61f000000, reserved size: 1073741824
Narrow klass base: 0x000001b5de000000, Narrow klass shift: 0, Narrow klass range: 0x41000000

GC Precious Log:
 CardTable entry size: 512
 Card Set container configuration: InlinePtr #cards 4 size 8 Array Of Cards #cards 16 size 48 Howl #buckets 8 coarsen threshold 3686 Howl Bitmap #cards 512 size 80 coarsen threshold 460 Card regions per heap region 1 cards per card region 4096
 CPUs: 16 total, 16 available
 Memory: 16141M
 Large Page Support: Disabled
 NUMA Support: Disabled
 Compressed Oops: Enabled (Zero based)
 Heap Region Size: 2M
 Heap Min Capacity: 8M
 Heap Initial Capacity: 254M
 Heap Max Capacity: 4036M
 Pre-touch: Disabled
 Parallel Workers: 13
 Concurrent Workers: 3
 Concurrent Refinement Workers: 13
 Periodic GC: Disabled

Heap:
 garbage-first heap   total reserved 4132864K, committed 96256K, used 77960K [0x0000000703c00000, 0x0000000800000000)
  region size 2048K, 16 young (32768K), 1 survivors (2048K)
 Metaspace       used 103081K, committed 104064K, reserved 1179648K
  class space    used 13994K, committed 14464K, reserved 1048576K

Heap Regions: E=young(eden), S=young(survivor), O=old, HS=humongous(starts), HC=humongous(continues), CS=collection set, F=free, TAMS=top-at-mark-start, PB=parsable bottom
|   0|0x0000000703c00000, 0x0000000703e00000, 0x0000000703e00000|100%| O|  |TAMS 0x0000000703c00000| PB 0x0000000703c00000| Untracked |  0
|   1|0x0000000703e00000, 0x0000000704000000, 0x0000000704000000|100%| O|  |TAMS 0x0000000703e00000| PB 0x0000000703e00000| Untracked |  0
|   2|0x0000000704000000, 0x0000000704200000, 0x0000000704200000|100%| O|  |TAMS 0x0000000704000000| PB 0x0000000704000000| Untracked |  0
|   3|0x0000000704200000, 0x0000000704400000, 0x0000000704400000|100%| O|  |TAMS 0x0000000704200000| PB 0x0000000704200000| Untracked |  0
|   4|0x0000000704400000, 0x0000000704600000, 0x0000000704600000|100%| O|  |TAMS 0x0000000704400000| PB 0x0000000704400000| Untracked |  0
|   5|0x0000000704600000, 0x0000000704800000, 0x0000000704800000|100%| O|  |TAMS 0x0000000704600000| PB 0x0000000704600000| Untracked |  0
|   6|0x0000000704800000, 0x0000000704a00000, 0x0000000704a00000|100%| O|  |TAMS 0x0000000704800000| PB 0x0000000704800000| Untracked |  0
|   7|0x0000000704a00000, 0x0000000704a00000, 0x0000000704c00000|  0%| F|  |TAMS 0x0000000704a00000| PB 0x0000000704a00000| Untracked |  0
|   8|0x0000000704c00000, 0x0000000704c00000, 0x0000000704e00000|  0%| F|  |TAMS 0x0000000704c00000| PB 0x0000000704c00000| Untracked |  0
|   9|0x0000000704e00000, 0x0000000705000000, 0x0000000705000000|100%| O|  |TAMS 0x0000000704e00000| PB 0x0000000704e00000| Untracked |  0
|  10|0x0000000705000000, 0x0000000705200000, 0x0000000705200000|100%| O|  |TAMS 0x0000000705000000| PB 0x0000000705000000| Untracked |  0
|  11|0x0000000705200000, 0x0000000705400000, 0x0000000705400000|100%| O|  |TAMS 0x0000000705200000| PB 0x0000000705200000| Untracked |  0
|  12|0x0000000705400000, 0x0000000705600000, 0x0000000705600000|100%| O|  |TAMS 0x0000000705400000| PB 0x0000000705400000| Untracked |  0
|  13|0x0000000705600000, 0x0000000705800000, 0x0000000705800000|100%| O|  |TAMS 0x0000000705600000| PB 0x0000000705600000| Untracked |  0
|  14|0x0000000705800000, 0x0000000705a00000, 0x0000000705a00000|100%| O|  |TAMS 0x0000000705800000| PB 0x0000000705800000| Untracked |  0
|  15|0x0000000705a00000, 0x0000000705c00000, 0x0000000705c00000|100%| O|  |TAMS 0x0000000705a00000| PB 0x0000000705a00000| Untracked |  0
|  16|0x0000000705c00000, 0x0000000705e00000, 0x0000000705e00000|100%| O|  |TAMS 0x0000000705c00000| PB 0x0000000705c00000| Untracked |  0
|  17|0x0000000705e00000, 0x0000000706000000, 0x0000000706000000|100%| O|  |TAMS 0x0000000705e00000| PB 0x0000000705e00000| Untracked |  0
|  18|0x0000000706000000, 0x0000000706200000, 0x0000000706200000|100%| O|  |TAMS 0x0000000706000000| PB 0x0000000706000000| Untracked |  0
|  19|0x0000000706200000, 0x0000000706400000, 0x0000000706400000|100%| O|  |TAMS 0x0000000706200000| PB 0x0000000706200000| Untracked |  0
|  20|0x0000000706400000, 0x0000000706600000, 0x0000000706600000|100%| O|  |TAMS 0x0000000706400000| PB 0x0000000706400000| Untracked |  0
|  21|0x0000000706600000, 0x0000000706800000, 0x0000000706800000|100%| O|  |TAMS 0x0000000706600000| PB 0x0000000706600000| Untracked |  0
|  22|0x0000000706800000, 0x0000000706862710, 0x0000000706a00000| 19%| O|  |TAMS 0x0000000706800000| PB 0x0000000706800000| Untracked |  0
|  23|0x0000000706a00000, 0x0000000706c00000, 0x0000000706c00000|100%| O|  |TAMS 0x0000000706a00000| PB 0x0000000706a00000| Untracked |  0
|  24|0x0000000706c00000, 0x0000000706e00000, 0x0000000706e00000|100%| O|  |TAMS 0x0000000706c00000| PB 0x0000000706c00000| Untracked |  0
|  25|0x0000000706e00000, 0x0000000706e00000, 0x0000000707000000|  0%| F|  |TAMS 0x0000000706e00000| PB 0x0000000706e00000| Untracked |  0
|  26|0x0000000707000000, 0x00000007071bfad0, 0x0000000707200000| 87%| S|CS|TAMS 0x0000000707000000| PB 0x0000000707000000| Complete |  0
|  27|0x0000000707200000, 0x0000000707200000, 0x0000000707400000|  0%| F|  |TAMS 0x0000000707200000| PB 0x0000000707200000| Untracked |  0
|  28|0x0000000707400000, 0x0000000707400000, 0x0000000707600000|  0%| F|  |TAMS 0x0000000707400000| PB 0x0000000707400000| Untracked |  0
|  29|0x0000000707600000, 0x0000000707600000, 0x0000000707800000|  0%| F|  |TAMS 0x0000000707600000| PB 0x0000000707600000| Untracked |  0
|  30|0x0000000707800000, 0x0000000707800000, 0x0000000707a00000|  0%| F|  |TAMS 0x0000000707800000| PB 0x0000000707800000| Untracked |  0
|  31|0x0000000707a00000, 0x0000000707be0b18, 0x0000000707c00000| 93%| E|  |TAMS 0x0000000707a00000| PB 0x0000000707a00000| Complete |  0
|  32|0x0000000707c00000, 0x0000000707e00000, 0x0000000707e00000|100%| E|CS|TAMS 0x0000000707c00000| PB 0x0000000707c00000| Complete |  0
|  33|0x0000000707e00000, 0x0000000708000000, 0x0000000708000000|100%| E|CS|TAMS 0x0000000707e00000| PB 0x0000000707e00000| Complete |  0
|  34|0x0000000708000000, 0x0000000708200000, 0x0000000708200000|100%| E|CS|TAMS 0x0000000708000000| PB 0x0000000708000000| Complete |  0
|  35|0x0000000708200000, 0x0000000708400000, 0x0000000708400000|100%| E|CS|TAMS 0x0000000708200000| PB 0x0000000708200000| Complete |  0
|  36|0x0000000708400000, 0x0000000708600000, 0x0000000708600000|100%| E|CS|TAMS 0x0000000708400000| PB 0x0000000708400000| Complete |  0
|  37|0x0000000708600000, 0x0000000708800000, 0x0000000708800000|100%| E|CS|TAMS 0x0000000708600000| PB 0x0000000708600000| Complete |  0
|  38|0x0000000708800000, 0x0000000708a00000, 0x0000000708a00000|100%| E|CS|TAMS 0x0000000708800000| PB 0x0000000708800000| Complete |  0
|  39|0x0000000708a00000, 0x0000000708c00000, 0x0000000708c00000|100%| E|CS|TAMS 0x0000000708a00000| PB 0x0000000708a00000| Complete |  0
|  40|0x0000000708c00000, 0x0000000708e00000, 0x0000000708e00000|100%| E|CS|TAMS 0x0000000708c00000| PB 0x0000000708c00000| Complete |  0
|  41|0x0000000708e00000, 0x0000000709000000, 0x0000000709000000|100%| E|CS|TAMS 0x0000000708e00000| PB 0x0000000708e00000| Complete |  0
| 100|0x0000000710400000, 0x0000000710600000, 0x0000000710600000|100%| E|CS|TAMS 0x0000000710400000| PB 0x0000000710400000| Complete |  0
| 101|0x0000000710600000, 0x0000000710800000, 0x0000000710800000|100%| E|CS|TAMS 0x0000000710600000| PB 0x0000000710600000| Complete |  0
| 102|0x0000000710800000, 0x0000000710a00000, 0x0000000710a00000|100%| E|CS|TAMS 0x0000000710800000| PB 0x0000000710800000| Complete |  0
| 126|0x0000000713800000, 0x0000000713a00000, 0x0000000713a00000|100%| E|CS|TAMS 0x0000000713800000| PB 0x0000000713800000| Complete |  0
|2017|0x00000007ffe00000, 0x0000000800000000, 0x0000000800000000|100%| O|  |TAMS 0x00000007ffe00000| PB 0x00000007ffe00000| Untracked |  0

Card table byte_map: [0x000001b5d5990000,0x000001b5d6180000] _byte_map_base: 0x000001b5d2172000

Marking Bits: (CMBitMap*) 0x000001b5bd147d70
 Bits: [0x000001b5d6180000, 0x000001b5da090000)

Polling page: 0x000001b5baea0000

Metaspace:

Usage:
  Non-class:     87.00 MB used.
      Class:     13.67 MB used.
       Both:    100.67 MB used.

Virtual space:
  Non-class space:      128.00 MB reserved,      87.50 MB ( 68%) committed,  2 nodes.
      Class space:        1.00 GB reserved,      14.12 MB (  1%) committed,  1 nodes.
             Both:        1.12 GB reserved,     101.62 MB (  9%) committed. 

Chunk freelists:
   Non-Class:  7.91 MB
       Class:  1.93 MB
        Both:  9.84 MB

MaxMetaspaceSize: unlimited
CompressedClassSpaceSize: 1.00 GB
Initial GC threshold: 21.00 MB
Current GC threshold: 167.62 MB
CDS: on
 - commit_granule_bytes: 65536.
 - commit_granule_words: 8192.
 - virtual_space_node_default_size: 8388608.
 - enlarge_chunks_in_place: 1.
 - use_allocation_guard: 0.


Internal statistics:

num_allocs_failed_limit: 14.
num_arena_births: 1448.
num_arena_deaths: 10.
num_vsnodes_births: 3.
num_vsnodes_deaths: 0.
num_space_committed: 1626.
num_space_uncommitted: 0.
num_chunks_returned_to_freelist: 29.
num_chunks_taken_from_freelist: 5291.
num_chunk_merges: 21.
num_chunk_splits: 3775.
num_chunks_enlarged: 2869.
num_inconsistent_stats: 0.

CodeHeap 'non-profiled nmethods': size=119232Kb used=7019Kb max_used=7313Kb free=112212Kb
 bounds [0x000001b5cd390000, 0x000001b5cdad0000, 0x000001b5d4800000]
CodeHeap 'profiled nmethods': size=119104Kb used=21967Kb max_used=23741Kb free=97136Kb
 bounds [0x000001b5c5800000, 0x000001b5c6f30000, 0x000001b5ccc50000]
CodeHeap 'non-nmethods': size=7424Kb used=1811Kb max_used=3572Kb free=5612Kb
 bounds [0x000001b5ccc50000, 0x000001b5ccfe0000, 0x000001b5cd390000]
CodeCache: size=245760Kb, used=30797Kb, max_used=34626Kb, free=214960Kb
 total_blobs=13666, nmethods=12833, adapters=736, full_count=0
Compilation: enabled, stopped_count=0, restarted_count=0

Compilation events (20 events):
Event: 7623.620 Thread 0x000001b5dd185a40 17949       3       sun.security.ssl.SSLExtension::valueOf (51 bytes)
Event: 7623.620 Thread 0x000001b5dd185a40 nmethod 17949 0x000001b5c5ee3f88 code [0x000001b5c5ee40e0, 0x000001b5c5ee4518]
Event: 7623.621 Thread 0x000001b5dd185380 17950       4       java.math.BigInteger::montReduce (99 bytes)
Event: 7623.660 Thread 0x000001b5dd185a40 17953       1       sun.security.util.KnownOIDs::stdName (5 bytes)
Event: 7623.660 Thread 0x000001b5dd185a40 nmethod 17953 0x000001b5cd82a208 code [0x000001b5cd82a320, 0x000001b5cd82a3f0]
Event: 7623.695 Thread 0x000001b5dd185a40 17954       3       com.mysql.cj.conf.EnumPropertyDefinition::createRuntimeProperty (9 bytes)
Event: 7623.695 Thread 0x000001b5dd185a40 nmethod 17954 0x000001b5c5e31508 code [0x000001b5c5e31640, 0x000001b5c5e31848]
Event: 7623.695 Thread 0x000001b5dd185a40 17955       3       com.mysql.cj.conf.EnumProperty::<init> (6 bytes)
Event: 7623.695 Thread 0x000001b5dd185a40 nmethod 17955 0x000001b5c5c56a08 code [0x000001b5c5c56b40, 0x000001b5c5c56fe0]
Event: 7623.698 Thread 0x000001b5dd185a40 17956       3       java.security.Security::getImpl (31 bytes)
Event: 7623.698 Thread 0x000001b5dd185a40 nmethod 17956 0x000001b5c629e288 code [0x000001b5c629e440, 0x000001b5c629eee0]
Event: 7623.698 Thread 0x000001b5dd185a40 17959       3       sun.security.util.ECUtil::trimZeroes (36 bytes)
Event: 7623.698 Thread 0x000001b5dd185a40 nmethod 17959 0x000001b5c64ce708 code [0x000001b5c64ce840, 0x000001b5c64ceaa0]
Event: 7623.698 Thread 0x000001b5dd185a40 17957   !   3       java.security.Security::getSpiClass (75 bytes)
Event: 7623.698 Thread 0x000001b5dd185a40 nmethod 17957 0x000001b5c5e6ae08 code [0x000001b5c5e6b020, 0x000001b5c5e6bae0]
Event: 7623.698 Thread 0x000001b5dd185a40 17958       3       java.security.AlgorithmParameters::<init> (25 bytes)
Event: 7623.698 Thread 0x000001b5dd185a40 nmethod 17958 0x000001b5c64d9a08 code [0x000001b5c64d9b20, 0x000001b5c64d9db8]
Event: 7623.699 Thread 0x000001b5dd185a40 17960       3       java.security.AlgorithmParameters::init (31 bytes)
Event: 7623.699 Thread 0x000001b5dd185a40 nmethod 17960 0x000001b5c6016808 code [0x000001b5c6016940, 0x000001b5c6016c38]
Event: 7623.700 Thread 0x000001b5dd185a40 17961       3       sun.security.ssl.SSLExtensions::<init> (583 bytes)

GC Heap History (20 events):
Event: 6.862 GC heap before
{Heap before GC invocations=20 (full 0):
 garbage-first heap   total reserved 4132864K, committed 96256K, used 83808K [0x0000000703c00000, 0x0000000800000000)
  region size 2048K, 21 young (43008K), 3 survivors (6144K)
 Metaspace       used 83924K, committed 84672K, reserved 1179648K
  class space    used 11784K, committed 12096K, reserved 1048576K
}
Event: 6.864 GC heap after
{Heap after GC invocations=21 (full 0):
 garbage-first heap   total reserved 4132864K, committed 96256K, used 43245K [0x0000000703c00000, 0x0000000800000000)
  region size 2048K, 1 young (2048K), 1 survivors (2048K)
 Metaspace       used 83924K, committed 84672K, reserved 1179648K
  class space    used 11784K, committed 12096K, reserved 1048576K
}
Event: 7.277 GC heap before
{Heap before GC invocations=21 (full 0):
 garbage-first heap   total reserved 4132864K, committed 96256K, used 84205K [0x0000000703c00000, 0x0000000800000000)
  region size 2048K, 21 young (43008K), 1 survivors (2048K)
 Metaspace       used 86487K, committed 87232K, reserved 1179648K
  class space    used 12151K, committed 12480K, reserved 1048576K
}
Event: 7.279 GC heap after
{Heap after GC invocations=22 (full 0):
 garbage-first heap   total reserved 4132864K, committed 96256K, used 45279K [0x0000000703c00000, 0x0000000800000000)
  region size 2048K, 2 young (4096K), 2 survivors (4096K)
 Metaspace       used 86487K, committed 87232K, reserved 1179648K
  class space    used 12151K, committed 12480K, reserved 1048576K
}
Event: 13.575 GC heap before
{Heap before GC invocations=23 (full 0):
 garbage-first heap   total reserved 4132864K, committed 96256K, used 84191K [0x0000000703c00000, 0x0000000800000000)
  region size 2048K, 21 young (43008K), 2 survivors (4096K)
 Metaspace       used 91621K, committed 92416K, reserved 1179648K
  class space    used 12901K, committed 13248K, reserved 1048576K
}
Event: 13.578 GC heap after
{Heap after GC invocations=24 (full 0):
 garbage-first heap   total reserved 4132864K, committed 96256K, used 49314K [0x0000000703c00000, 0x0000000800000000)
  region size 2048K, 3 young (6144K), 3 survivors (6144K)
 Metaspace       used 91621K, committed 92416K, reserved 1179648K
  class space    used 12901K, committed 13248K, reserved 1048576K
}
Event: 15.756 GC heap before
{Heap before GC invocations=24 (full 0):
 garbage-first heap   total reserved 4132864K, committed 96256K, used 80034K [0x0000000703c00000, 0x0000000800000000)
  region size 2048K, 19 young (38912K), 3 survivors (6144K)
 Metaspace       used 97257K, committed 98048K, reserved 1179648K
  class space    used 13737K, committed 14144K, reserved 1048576K
}
Event: 15.761 GC heap after
{Heap after GC invocations=25 (full 0):
 garbage-first heap   total reserved 4132864K, committed 96256K, used 51195K [0x0000000703c00000, 0x0000000800000000)
  region size 2048K, 2 young (4096K), 2 survivors (4096K)
 Metaspace       used 97257K, committed 98048K, reserved 1179648K
  class space    used 13737K, committed 14144K, reserved 1048576K
}
Event: 192.053 GC heap before
{Heap before GC invocations=25 (full 0):
 garbage-first heap   total reserved 4132864K, committed 96256K, used 83963K [0x0000000703c00000, 0x0000000800000000)
  region size 2048K, 18 young (36864K), 2 survivors (4096K)
 Metaspace       used 99790K, committed 100672K, reserved 1179648K
  class space    used 13934K, committed 14336K, reserved 1048576K
}
Event: 192.058 GC heap after
{Heap after GC invocations=26 (full 0):
 garbage-first heap   total reserved 4132864K, committed 96256K, used 51620K [0x0000000703c00000, 0x0000000800000000)
  region size 2048K, 2 young (4096K), 2 survivors (4096K)
 Metaspace       used 99790K, committed 100672K, reserved 1179648K
  class space    used 13934K, committed 14336K, reserved 1048576K
}
Event: 934.562 GC heap before
{Heap before GC invocations=27 (full 0):
 garbage-first heap   total reserved 4132864K, committed 96256K, used 82340K [0x0000000703c00000, 0x0000000800000000)
  region size 2048K, 18 young (36864K), 2 survivors (4096K)
 Metaspace       used 100703K, committed 101632K, reserved 1179648K
  class space    used 13958K, committed 14400K, reserved 1048576K
}
Event: 934.567 GC heap after
{Heap after GC invocations=28 (full 0):
 garbage-first heap   total reserved 4132864K, committed 96256K, used 51641K [0x0000000703c00000, 0x0000000800000000)
  region size 2048K, 2 young (4096K), 2 survivors (4096K)
 Metaspace       used 100703K, committed 101632K, reserved 1179648K
  class space    used 13958K, committed 14400K, reserved 1048576K
}
Event: 1329.064 GC heap before
{Heap before GC invocations=28 (full 0):
 garbage-first heap   total reserved 4132864K, committed 96256K, used 82361K [0x0000000703c00000, 0x0000000800000000)
  region size 2048K, 18 young (36864K), 2 survivors (4096K)
 Metaspace       used 101270K, committed 102208K, reserved 1179648K
  class space    used 13973K, committed 14400K, reserved 1048576K
}
Event: 1329.070 GC heap after
{Heap after GC invocations=29 (full 0):
 garbage-first heap   total reserved 4132864K, committed 96256K, used 49649K [0x0000000703c00000, 0x0000000800000000)
  region size 2048K, 2 young (4096K), 2 survivors (4096K)
 Metaspace       used 101270K, committed 102208K, reserved 1179648K
  class space    used 13973K, committed 14400K, reserved 1048576K
}
Event: 1956.284 GC heap before
{Heap before GC invocations=29 (full 0):
 garbage-first heap   total reserved 4132864K, committed 96256K, used 84465K [0x0000000703c00000, 0x0000000800000000)
  region size 2048K, 19 young (38912K), 2 survivors (4096K)
 Metaspace       used 101967K, committed 102976K, reserved 1179648K
  class space    used 13993K, committed 14464K, reserved 1048576K
}
Event: 1956.289 GC heap after
{Heap after GC invocations=30 (full 0):
 garbage-first heap   total reserved 4132864K, committed 96256K, used 50489K [0x0000000703c00000, 0x0000000800000000)
  region size 2048K, 2 young (4096K), 2 survivors (4096K)
 Metaspace       used 101967K, committed 102976K, reserved 1179648K
  class space    used 13993K, committed 14464K, reserved 1048576K
}
Event: 2189.999 GC heap before
{Heap before GC invocations=31 (full 0):
 garbage-first heap   total reserved 4132864K, committed 96256K, used 85305K [0x0000000703c00000, 0x0000000800000000)
  region size 2048K, 19 young (38912K), 2 survivors (4096K)
 Metaspace       used 102494K, committed 103424K, reserved 1179648K
  class space    used 13994K, committed 14464K, reserved 1048576K
}
Event: 2190.006 GC heap after
{Heap after GC invocations=32 (full 0):
 garbage-first heap   total reserved 4132864K, committed 96256K, used 50543K [0x0000000703c00000, 0x0000000800000000)
  region size 2048K, 1 young (2048K), 1 survivors (2048K)
 Metaspace       used 102494K, committed 103424K, reserved 1179648K
  class space    used 13994K, committed 14464K, reserved 1048576K
}
Event: 2297.844 GC heap before
{Heap before GC invocations=32 (full 0):
 garbage-first heap   total reserved 4132864K, committed 96256K, used 87407K [0x0000000703c00000, 0x0000000800000000)
  region size 2048K, 19 young (38912K), 1 survivors (2048K)
 Metaspace       used 102899K, committed 103808K, reserved 1179648K
  class space    used 13994K, committed 14464K, reserved 1048576K
}
Event: 2297.850 GC heap after
{Heap after GC invocations=33 (full 0):
 garbage-first heap   total reserved 4132864K, committed 96256K, used 49288K [0x0000000703c00000, 0x0000000800000000)
  region size 2048K, 1 young (2048K), 1 survivors (2048K)
 Metaspace       used 102899K, committed 103808K, reserved 1179648K
  class space    used 13994K, committed 14464K, reserved 1048576K
}

Dll operation events (14 events):
Event: 0.008 Loaded shared library C:\Users\nguye\.jdks\openjdk-23.0.1\bin\java.dll
Event: 0.028 Loaded shared library C:\Users\nguye\.jdks\openjdk-23.0.1\bin\jsvml.dll
Event: 0.082 Loaded shared library C:\Users\nguye\.jdks\openjdk-23.0.1\bin\zip.dll
Event: 0.084 Loaded shared library C:\Users\nguye\.jdks\openjdk-23.0.1\bin\instrument.dll
Event: 0.086 Loaded shared library C:\Users\nguye\.jdks\openjdk-23.0.1\bin\net.dll
Event: 0.087 Loaded shared library C:\Users\nguye\.jdks\openjdk-23.0.1\bin\nio.dll
Event: 0.089 Loaded shared library C:\Users\nguye\.jdks\openjdk-23.0.1\bin\zip.dll
Event: 1.016 Loaded shared library C:\Program Files\JetBrains\IntelliJ IDEA Community Edition 2024.3.2.2\bin\breakgen64.dll
Event: 1.022 Loaded shared library C:\Users\nguye\.jdks\openjdk-23.0.1\bin\extnet.dll
Event: 1.042 Loaded shared library C:\Users\nguye\.jdks\openjdk-23.0.1\bin\jimage.dll
Event: 2.063 Loaded shared library C:\Users\nguye\.jdks\openjdk-23.0.1\bin\sunmscapi.dll
Event: 3.215 Loaded shared library C:\Users\nguye\.jdks\openjdk-23.0.1\bin\management.dll
Event: 3.216 Loaded shared library C:\Users\nguye\.jdks\openjdk-23.0.1\bin\management_ext.dll
Event: 3.755 Loaded shared library C:\Users\nguye\.jdks\openjdk-23.0.1\bin\verify.dll

Deoptimization events (20 events):
Event: 7623.457 Thread 0x000001b6238b5a80 DEOPT PACKING pc=0x000001b5cd7caae4 sp=0x00000019a1afe9d0
Event: 7623.457 Thread 0x000001b6238b5a80 DEOPT UNPACKING pc=0x000001b5ccca4402 sp=0x00000019a1afe870 mode 2
Event: 7623.542 Thread 0x000001b62cac3d40 DEOPT PACKING pc=0x000001b5c6196435 sp=0x000000199f6fe250
Event: 7623.542 Thread 0x000001b62cac3d40 DEOPT UNPACKING pc=0x000001b5ccca4b22 sp=0x000000199f6fd6d0 mode 0
Event: 7623.619 Thread 0x000001b62cac3d40 Uncommon trap: trap_request=0xffffffbe fr.pc=0x000001b5cd6dd6cc relative=0x0000000000000a4c
Event: 7623.619 Thread 0x000001b62cac3d40 Uncommon trap: reason=profile_predicate action=maybe_recompile pc=0x000001b5cd6dd6cc method=java.math.BigInteger.montReduce([I[III)[I @ 56 c2
Event: 7623.619 Thread 0x000001b62cac3d40 DEOPT PACKING pc=0x000001b5cd6dd6cc sp=0x000000199f6fdd30
Event: 7623.619 Thread 0x000001b62cac3d40 DEOPT UNPACKING pc=0x000001b5ccca4402 sp=0x000000199f6fdcf8 mode 2
Event: 7623.619 Thread 0x000001b62cac3d40 Uncommon trap: trap_request=0xffffffbe fr.pc=0x000001b5cd6dd6cc relative=0x0000000000000a4c
Event: 7623.619 Thread 0x000001b62cac3d40 Uncommon trap: reason=profile_predicate action=maybe_recompile pc=0x000001b5cd6dd6cc method=java.math.BigInteger.montReduce([I[III)[I @ 56 c2
Event: 7623.619 Thread 0x000001b62cac3d40 DEOPT PACKING pc=0x000001b5cd6dd6cc sp=0x000000199f6fdd20
Event: 7623.619 Thread 0x000001b62cac3d40 DEOPT UNPACKING pc=0x000001b5ccca4402 sp=0x000000199f6fdd08 mode 2
Event: 7623.619 Thread 0x000001b62cac3d40 Uncommon trap: trap_request=0xffffffbe fr.pc=0x000001b5cd6dd6cc relative=0x0000000000000a4c
Event: 7623.619 Thread 0x000001b62cac3d40 Uncommon trap: reason=profile_predicate action=maybe_recompile pc=0x000001b5cd6dd6cc method=java.math.BigInteger.montReduce([I[III)[I @ 56 c2
Event: 7623.619 Thread 0x000001b62cac3d40 DEOPT PACKING pc=0x000001b5cd6dd6cc sp=0x000000199f6fde40
Event: 7623.619 Thread 0x000001b62cac3d40 DEOPT UNPACKING pc=0x000001b5ccca4402 sp=0x000000199f6fde28 mode 2
Event: 7623.619 Thread 0x000001b62cac3d40 Uncommon trap: trap_request=0xffffffbe fr.pc=0x000001b5cd6dd6cc relative=0x0000000000000a4c
Event: 7623.619 Thread 0x000001b62cac3d40 Uncommon trap: reason=profile_predicate action=maybe_recompile pc=0x000001b5cd6dd6cc method=java.math.BigInteger.montReduce([I[III)[I @ 56 c2
Event: 7623.619 Thread 0x000001b62cac3d40 DEOPT PACKING pc=0x000001b5cd6dd6cc sp=0x000000199f6fdd30
Event: 7623.619 Thread 0x000001b62cac3d40 DEOPT UNPACKING pc=0x000001b5ccca4402 sp=0x000000199f6fdcf8 mode 2

Classes loaded (20 events):
Event: 34.147 Loading class sun/nio/ch/SocketOutputStream
Event: 34.147 Loading class sun/nio/ch/SocketOutputStream done
Event: 34.148 Loading class java/nio/channels/FileChannel$MapMode
Event: 34.148 Loading class java/nio/channels/FileChannel$MapMode done
Event: 34.148 Loading class jdk/internal/misc/ExtendedMapMode
Event: 34.148 Loading class jdk/internal/misc/ExtendedMapMode done
Event: 34.148 Loading class sun/nio/ch/FileChannelImpl$DefaultUnmapper
Event: 34.148 Loading class sun/nio/ch/FileChannelImpl$Unmapper
Event: 34.148 Loading class jdk/internal/access/foreign/UnmapperProxy
Event: 34.148 Loading class jdk/internal/access/foreign/UnmapperProxy done
Event: 34.148 Loading class sun/nio/ch/FileChannelImpl$Unmapper done
Event: 34.148 Loading class sun/nio/ch/FileChannelImpl$DefaultUnmapper done
Event: 34.148 Loading class sun/nio/ch/Util$4
Event: 34.148 Loading class sun/nio/ch/Util$4 done
Event: 1760.869 Loading class sun/security/ssl/Alert
Event: 1760.870 Loading class sun/security/ssl/Alert done
Event: 1760.872 Loading class sun/security/ssl/Alert$AlertConsumer
Event: 1760.873 Loading class sun/security/ssl/Alert$AlertConsumer done
Event: 1760.873 Loading class sun/security/ssl/Alert$Level
Event: 1760.874 Loading class sun/security/ssl/Alert$Level done

Classes unloaded (5 events):
Event: 192.082 Thread 0x000001b5dcce4950 Unloading class 0x000001b5dfce5400 'java/lang/invoke/LambdaForm$DMH+0x000001b5dfce5400'
Event: 192.082 Thread 0x000001b5dcce4950 Unloading class 0x000001b5dfce5000 'java/lang/invoke/LambdaForm$DMH+0x000001b5dfce5000'
Event: 192.082 Thread 0x000001b5dcce4950 Unloading class 0x000001b5dfce4c00 'java/lang/invoke/LambdaForm$DMH+0x000001b5dfce4c00'
Event: 192.082 Thread 0x000001b5dcce4950 Unloading class 0x000001b5dfce4800 'java/lang/invoke/LambdaForm$DMH+0x000001b5dfce4800'
Event: 192.082 Thread 0x000001b5dcce4950 Unloading class 0x000001b5dfce4400 'java/lang/invoke/LambdaForm$DMH+0x000001b5dfce4400'

Classes redefined (0 events):
No events

Internal exceptions (20 events):
Event: 13.754 Thread 0x000001b62a1d5050 Implicit null exception at 0x000001b5cd7ac158 to 0x000001b5cd7ac66c
Event: 13.754 Thread 0x000001b62a1d49c0 Implicit null exception at 0x000001b5cd7ac158 to 0x000001b5cd7ac66c
Event: 13.754 Thread 0x000001b62a1d0eb0 Implicit null exception at 0x000001b5cd7ac158 to 0x000001b5cd7ac66c
Event: 15.703 Thread 0x000001b62a1d49c0 Exception <a 'java/lang/NoSuchMethodError'{0x000000070788d238}: 'java.lang.Object java.lang.invoke.DirectMethodHandle$Holder.invokeInterface(java.lang.Object, java.lang.Object, java.lang.Object, java.lang.Object, java.lang.Object)'> (0x000000070788d238) 
thrown [s\open\src\hotspot\share\interpreter\linkResolver.cpp, line 796]
Event: 25.106 Thread 0x000001b62a1d6a90 Exception <a 'java/lang/NoSuchMethodError'{0x000000071078edd8}: 'int java.lang.invoke.Invokers$Holder.invokeExact_MT(java.lang.Object, java.lang.Object, java.lang.Object)'> (0x000000071078edd8) 
thrown [s\open\src\hotspot\share\interpreter\linkResolver.cpp, line 796]
Event: 25.132 Thread 0x000001b62a1d6a90 Exception <a 'java/lang/NoSuchMethodError'{0x0000000710481950}: 'int java.lang.invoke.DirectMethodHandle$Holder.invokeStatic(java.lang.Object, java.lang.Object, int, java.lang.Object)'> (0x0000000710481950) 
thrown [s\open\src\hotspot\share\interpreter\linkResolver.cpp, line 796]
Event: 25.151 Thread 0x000001b62a1d6a90 Exception <a 'java/lang/NoSuchMethodError'{0x0000000710540b10}: 'int java.lang.invoke.DirectMethodHandle$Holder.invokeInterface(java.lang.Object, java.lang.Object, java.lang.Object, int, java.lang.Object, java.lang.Object)'> (0x0000000710540b10) 
thrown [s\open\src\hotspot\share\interpreter\linkResolver.cpp, line 796]
Event: 25.152 Thread 0x000001b62a1d6a90 Exception <a 'java/lang/IncompatibleClassChangeError'{0x0000000710544fa0}: Found class java.lang.Object, but interface was expected> (0x0000000710544fa0) 
thrown [s\open\src\hotspot\share\interpreter\linkResolver.cpp, line 863]
Event: 34.140 Thread 0x000001b62a1d56e0 Exception <a 'sun/nio/fs/WindowsException'{0x0000000708890ff8}> (0x0000000708890ff8) 
thrown [s\open\src\hotspot\share\prims\jni.cpp, line 520]
Event: 34.146 Thread 0x000001b62a1d56e0 Exception <a 'sun/nio/fs/WindowsException'{0x00000007088928b0}> (0x00000007088928b0) 
thrown [s\open\src\hotspot\share\prims\jni.cpp, line 520]
Event: 34.149 Thread 0x000001b62a1d56e0 Exception <a 'java/lang/NoSuchMethodError'{0x00000007088a2ec8}: 'long java.lang.invoke.DirectMethodHandle$Holder.invokeStatic(java.lang.Object, java.lang.Object, int)'> (0x00000007088a2ec8) 
thrown [s\open\src\hotspot\share\interpreter\linkResolver.cpp, line 796]
Event: 34.149 Thread 0x000001b62a1d56e0 Exception <a 'java/lang/NoSuchMethodError'{0x00000007088adaa0}: 'java.lang.Object java.lang.invoke.DelegatingMethodHandle$Holder.reinvoke_L(java.lang.Object, int, long, java.lang.Object, java.lang.Object, int, java.lang.Object)'> (0x00000007088adaa0) 
thrown [s\open\src\hotspot\share\interpreter\linkResolver.cpp, line 796]
Event: 1760.894 Thread 0x000001b62cac3020 Implicit null exception at 0x000001b5cd48fe58 to 0x000001b5cd4909ec
Event: 1760.905 Thread 0x000001b62cac3020 Implicit null exception at 0x000001b5cda12d5d to 0x000001b5cda1916c
Event: 1760.908 Thread 0x000001b62cac3020 Implicit null exception at 0x000001b5cd553c6d to 0x000001b5cd5549d8
Event: 1760.908 Thread 0x000001b62cac3020 Implicit null exception at 0x000001b5cd9c44e9 to 0x000001b5cd9c4c64
Event: 3528.052 Thread 0x000001b62cac50f0 Implicit null exception at 0x000001b5cd733b71 to 0x000001b5cd734bc4
Event: 3528.054 Thread 0x000001b62cac50f0 Implicit null exception at 0x000001b5cd733b71 to 0x000001b5cd734bc4
Event: 3528.054 Thread 0x000001b62cac50f0 Implicit null exception at 0x000001b5cd733b71 to 0x000001b5cd734bc4
Event: 3528.054 Thread 0x000001b62cac50f0 Implicit null exception at 0x000001b5cd733b71 to 0x000001b5cd734bc4

VM Operations (20 events):
Event: 2224.638 Executing VM operation: RendezvousGCThreads
Event: 2224.638 Executing VM operation: RendezvousGCThreads done
Event: 2284.762 Executing VM operation: HandshakeAllThreads (HandshakeForDeflation)
Event: 2284.763 Executing VM operation: HandshakeAllThreads (HandshakeForDeflation) done
Event: 2284.763 Executing VM operation: RendezvousGCThreads
Event: 2284.763 Executing VM operation: RendezvousGCThreads done
Event: 2297.844 Executing VM operation: G1CollectForAllocation (G1 Evacuation Pause)
Event: 2297.850 Executing VM operation: G1CollectForAllocation (G1 Evacuation Pause) done
Event: 2344.881 Executing VM operation: HandshakeAllThreads (HandshakeForDeflation)
Event: 2344.881 Executing VM operation: HandshakeAllThreads (HandshakeForDeflation) done
Event: 2344.882 Executing VM operation: RendezvousGCThreads
Event: 2344.882 Executing VM operation: RendezvousGCThreads done
Event: 2405.011 Executing VM operation: HandshakeAllThreads (HandshakeForDeflation)
Event: 2405.011 Executing VM operation: HandshakeAllThreads (HandshakeForDeflation) done
Event: 2405.011 Executing VM operation: RendezvousGCThreads
Event: 2405.011 Executing VM operation: RendezvousGCThreads done
Event: 2465.132 Executing VM operation: HandshakeAllThreads (HandshakeForDeflation)
Event: 2465.132 Executing VM operation: HandshakeAllThreads (HandshakeForDeflation) done
Event: 2465.132 Executing VM operation: RendezvousGCThreads
Event: 2465.132 Executing VM operation: RendezvousGCThreads done

Memory protections (0 events):
No events

Nmethod flushes (20 events):
Event: 1956.331 Thread 0x000001b5dcce4950 flushing  nmethod 0x000001b5c6501b88
Event: 1956.331 Thread 0x000001b5dcce4950 flushing  nmethod 0x000001b5c6502908
Event: 1956.331 Thread 0x000001b5dcce4950 flushing  nmethod 0x000001b5c6507f88
Event: 1956.331 Thread 0x000001b5dcce4950 flushing  nmethod 0x000001b5c653ee88
Event: 1956.331 Thread 0x000001b5dcce4950 flushing  nmethod 0x000001b5c6558708
Event: 1956.331 Thread 0x000001b5dcce4950 flushing  nmethod 0x000001b5c655a808
Event: 1956.331 Thread 0x000001b5dcce4950 flushing  nmethod 0x000001b5c655d908
Event: 1956.331 Thread 0x000001b5dcce4950 flushing  nmethod 0x000001b5c658f588
Event: 1956.331 Thread 0x000001b5dcce4950 flushing  nmethod 0x000001b5c659e508
Event: 1956.331 Thread 0x000001b5dcce4950 flushing  nmethod 0x000001b5c65cd908
Event: 1956.331 Thread 0x000001b5dcce4950 flushing  nmethod 0x000001b5c65d0108
Event: 1956.331 Thread 0x000001b5dcce4950 flushing  nmethod 0x000001b5c65f9588
Event: 1956.331 Thread 0x000001b5dcce4950 flushing  nmethod 0x000001b5c65f9d08
Event: 1956.331 Thread 0x000001b5dcce4950 flushing  nmethod 0x000001b5c65fa008
Event: 1956.331 Thread 0x000001b5dcce4950 flushing  nmethod 0x000001b5c6647488
Event: 1956.331 Thread 0x000001b5dcce4950 flushing  nmethod 0x000001b5c664ba88
Event: 1956.331 Thread 0x000001b5dcce4950 flushing  nmethod 0x000001b5c6682608
Event: 1956.331 Thread 0x000001b5dcce4950 flushing  nmethod 0x000001b5c6692788
Event: 1956.331 Thread 0x000001b5dcce4950 flushing  nmethod 0x000001b5c66f5a88
Event: 1956.331 Thread 0x000001b5dcce4950 flushing  nmethod 0x000001b5c66f7f88

Events (20 events):
Event: 3579.272 Thread 0x000001b62cac50f0 Thread exited: 0x000001b62cac50f0
Event: 3579.315 Thread 0x000001b62cac5780 Thread exited: 0x000001b62cac5780
Event: 3601.471 Thread 0x000001b6238b5a80 Thread added: 0x000001b62cac5780
Event: 3601.473 Thread 0x000001b62cac5780 Thread added: 0x000001b62cac50f0
Event: 3606.473 Thread 0x000001b62cac5780 Thread exited: 0x000001b62cac5780
Event: 3606.519 Thread 0x000001b62cac50f0 Thread exited: 0x000001b62cac50f0
Event: 7598.064 Thread 0x000001b5dd185380 Thread added: 0x000001b623a59940
Event: 7598.064 Thread 0x000001b5dd185380 Thread added: 0x000001b623a57730
Event: 7598.064 Thread 0x000001b5dd185380 Thread added: 0x000001b623a584d0
Event: 7598.064 Thread 0x000001b5dd185380 Thread added: 0x000001b623a57e00
Event: 7598.064 Thread 0x000001b5dd185380 Thread added: 0x000001b623a58ba0
Event: 7598.064 Thread 0x000001b5dd185380 Thread added: 0x000001b623a59270
Event: 7603.116 Thread 0x000001b623a59270 Thread exited: 0x000001b623a59270
Event: 7608.116 Thread 0x000001b623a58ba0 Thread exited: 0x000001b623a58ba0
Event: 7613.116 Thread 0x000001b623a57e00 Thread exited: 0x000001b623a57e00
Event: 7613.116 Thread 0x000001b623a584d0 Thread exited: 0x000001b623a584d0
Event: 7617.012 Thread 0x000001b623a57730 Thread exited: 0x000001b623a57730
Event: 7623.062 Thread 0x000001b623a59940 Thread exited: 0x000001b623a59940
Event: 7623.457 Thread 0x000001b6238b5a80 Thread added: 0x000001b62cac2990
Event: 7623.459 Thread 0x000001b62cac2990 Thread added: 0x000001b62cac3d40


Dynamic libraries:
0x00007ff622e30000 - 0x00007ff622e3e000 	C:\Users\nguye\.jdks\openjdk-23.0.1\bin\java.exe
0x00007fff84260000 - 0x00007fff844c0000 	C:\WINDOWS\SYSTEM32\ntdll.dll
0x00007fff82220000 - 0x00007fff822e7000 	C:\WINDOWS\System32\KERNEL32.DLL
0x00007fff81920000 - 0x00007fff81cea000 	C:\WINDOWS\System32\KERNELBASE.dll
0x00007fff81cf0000 - 0x00007fff81e3b000 	C:\WINDOWS\System32\ucrtbase.dll
0x00007fff7e3e0000 - 0x00007fff7e3f7000 	C:\Users\nguye\.jdks\openjdk-23.0.1\bin\jli.dll
0x00007fff6d380000 - 0x00007fff6d39b000 	C:\Users\nguye\.jdks\openjdk-23.0.1\bin\VCRUNTIME140.dll
0x00007fff83dc0000 - 0x00007fff83f8c000 	C:\WINDOWS\System32\USER32.dll
0x00007fff817b0000 - 0x00007fff817d7000 	C:\WINDOWS\System32\win32u.dll
0x00007fff5e9c0000 - 0x00007fff5ec57000 	C:\WINDOWS\WinSxS\amd64_microsoft.windows.common-controls_6595b64144ccf1df_6.0.26100.3624_none_3e086962e3345f24\COMCTL32.dll
0x00007fff82bb0000 - 0x00007fff82bda000 	C:\WINDOWS\System32\GDI32.dll
0x00007fff83920000 - 0x00007fff839c9000 	C:\WINDOWS\System32\msvcrt.dll
0x00007fff817e0000 - 0x00007fff81911000 	C:\WINDOWS\System32\gdi32full.dll
0x00007fff81700000 - 0x00007fff817a3000 	C:\WINDOWS\System32\msvcp_win.dll
0x00007fff82550000 - 0x00007fff8257f000 	C:\WINDOWS\System32\IMM32.DLL
0x00007fff7a440000 - 0x00007fff7a44c000 	C:\Users\nguye\.jdks\openjdk-23.0.1\bin\vcruntime140_1.dll
0x00007fff640d0000 - 0x00007fff6415e000 	C:\Users\nguye\.jdks\openjdk-23.0.1\bin\msvcp140.dll
0x00007fff493a0000 - 0x00007fff4a0ef000 	C:\Users\nguye\.jdks\openjdk-23.0.1\bin\server\jvm.dll
0x00007fff82370000 - 0x00007fff82422000 	C:\WINDOWS\System32\ADVAPI32.dll
0x00007fff82430000 - 0x00007fff824d6000 	C:\WINDOWS\System32\sechost.dll
0x00007fff827f0000 - 0x00007fff82906000 	C:\WINDOWS\System32\RPCRT4.dll
0x00007fff82770000 - 0x00007fff827e4000 	C:\WINDOWS\System32\WS2_32.dll
0x00007fff78090000 - 0x00007fff780c6000 	C:\WINDOWS\SYSTEM32\WINMM.dll
0x00007fff80070000 - 0x00007fff800ce000 	C:\WINDOWS\SYSTEM32\POWRPROF.dll
0x00007fff71110000 - 0x00007fff7111b000 	C:\WINDOWS\SYSTEM32\VERSION.dll
0x00007fff80050000 - 0x00007fff80064000 	C:\WINDOWS\SYSTEM32\UMPDC.dll
0x00007fff80330000 - 0x00007fff8034a000 	C:\WINDOWS\SYSTEM32\kernel.appcore.dll
0x00007fff72b30000 - 0x00007fff72b3a000 	C:\Users\nguye\.jdks\openjdk-23.0.1\bin\jimage.dll
0x00007fff6b9c0000 - 0x00007fff6bc01000 	C:\WINDOWS\SYSTEM32\DBGHELP.DLL
0x00007fff839d0000 - 0x00007fff83d52000 	C:\WINDOWS\System32\combase.dll
0x00007fff83fa0000 - 0x00007fff84076000 	C:\WINDOWS\System32\OLEAUT32.dll
0x00007fff6d3a0000 - 0x00007fff6d3d9000 	C:\WINDOWS\SYSTEM32\dbgcore.DLL
0x00007fff81e40000 - 0x00007fff81ed9000 	C:\WINDOWS\System32\bcryptPrimitives.dll
0x00007fff6fbb0000 - 0x00007fff6fbbf000 	C:\Users\nguye\.jdks\openjdk-23.0.1\bin\instrument.dll
0x00007fff6d360000 - 0x00007fff6d37e000 	C:\Users\nguye\.jdks\openjdk-23.0.1\bin\java.dll
0x00007fff82910000 - 0x00007fff82aa6000 	C:\WINDOWS\System32\ole32.dll
0x00007fff83090000 - 0x00007fff837b9000 	C:\WINDOWS\System32\SHELL32.dll
0x00007fff81440000 - 0x00007fff815a8000 	C:\WINDOWS\System32\wintypes.dll
0x00007fff7f0e0000 - 0x00007fff7f932000 	C:\WINDOWS\SYSTEM32\windows.storage.dll
0x00007fff84130000 - 0x00007fff8421d000 	C:\WINDOWS\System32\SHCORE.dll
0x00007fff824e0000 - 0x00007fff82544000 	C:\WINDOWS\System32\shlwapi.dll
0x00007fff81350000 - 0x00007fff8137f000 	C:\WINDOWS\SYSTEM32\profapi.dll
0x00007fff5e0f0000 - 0x00007fff5e1c7000 	C:\Users\nguye\.jdks\openjdk-23.0.1\bin\jsvml.dll
0x00007fff684a0000 - 0x00007fff684b7000 	C:\Users\nguye\.jdks\openjdk-23.0.1\bin\zip.dll
0x00007fff6b510000 - 0x00007fff6b520000 	C:\Users\nguye\.jdks\openjdk-23.0.1\bin\net.dll
0x00007fff80830000 - 0x00007fff8089a000 	C:\WINDOWS\system32\mswsock.dll
0x00007fff684c0000 - 0x00007fff684d6000 	C:\Users\nguye\.jdks\openjdk-23.0.1\bin\nio.dll
0x00007fff67d60000 - 0x00007fff67d7a000 	C:\Program Files\JetBrains\IntelliJ IDEA Community Edition 2024.3.2.2\bin\breakgen64.dll
0x00007fff681c0000 - 0x00007fff681c9000 	C:\Users\nguye\.jdks\openjdk-23.0.1\bin\extnet.dll
0x00007fff681d0000 - 0x00007fff681de000 	C:\Users\nguye\.jdks\openjdk-23.0.1\bin\sunmscapi.dll
0x00007fff81ee0000 - 0x00007fff82057000 	C:\WINDOWS\System32\CRYPT32.dll
0x00007fff80d30000 - 0x00007fff80d60000 	C:\WINDOWS\SYSTEM32\ncrypt.dll
0x00007fff80ce0000 - 0x00007fff80d1f000 	C:\WINDOWS\SYSTEM32\NTASN1.dll
0x00007fff80be0000 - 0x00007fff80bfc000 	C:\WINDOWS\SYSTEM32\CRYPTSP.dll
0x00007fff80290000 - 0x00007fff802ca000 	C:\WINDOWS\system32\rsaenh.dll
0x00007fff808d0000 - 0x00007fff808fb000 	C:\WINDOWS\SYSTEM32\USERENV.dll
0x00007fff81320000 - 0x00007fff81346000 	C:\WINDOWS\SYSTEM32\bcrypt.dll
0x00007fff80a60000 - 0x00007fff80a6c000 	C:\WINDOWS\SYSTEM32\CRYPTBASE.dll
0x00007fff7fcb0000 - 0x00007fff7fce3000 	C:\WINDOWS\SYSTEM32\IPHLPAPI.DLL
0x00007fff83db0000 - 0x00007fff83dba000 	C:\WINDOWS\System32\NSI.dll
0x00007fff67d90000 - 0x00007fff67d9a000 	C:\Users\nguye\.jdks\openjdk-23.0.1\bin\management.dll
0x00007fff67d80000 - 0x00007fff67d8b000 	C:\Users\nguye\.jdks\openjdk-23.0.1\bin\management_ext.dll
0x00007fff82be0000 - 0x00007fff82be8000 	C:\WINDOWS\System32\PSAPI.DLL
0x00007fff67d50000 - 0x00007fff67d60000 	C:\Users\nguye\.jdks\openjdk-23.0.1\bin\verify.dll
0x00007fff7fd40000 - 0x00007fff7fe65000 	C:\WINDOWS\SYSTEM32\DNSAPI.dll
0x00007fff79f30000 - 0x00007fff79f3b000 	C:\Windows\System32\rasadhlp.dll
0x00007fff77150000 - 0x00007fff771d5000 	C:\WINDOWS\System32\fwpuclnt.dll
0x00007fff6b360000 - 0x00007fff6b368000 	C:\WINDOWS\system32\wshunix.dll

dbghelp: loaded successfully - version: 4.0.5 - missing functions: none
symbol engine: initialized successfully - sym options: 0x614 - pdb path: .;C:\Users\nguye\.jdks\openjdk-23.0.1\bin;C:\WINDOWS\SYSTEM32;C:\WINDOWS\WinSxS\amd64_microsoft.windows.common-controls_6595b64144ccf1df_6.0.26100.3624_none_3e086962e3345f24;C:\Users\nguye\.jdks\openjdk-23.0.1\bin\server;C:\Program Files\JetBrains\IntelliJ IDEA Community Edition 2024.3.2.2\bin

VM Arguments:
jvm_args: -javaagent:C:\Program Files\JetBrains\IntelliJ IDEA Community Edition 2024.3.2.2\lib\idea_rt.jar=61004:C:\Program Files\JetBrains\IntelliJ IDEA Community Edition 2024.3.2.2\bin -Dfile.encoding=UTF-8 -Dsun.stdout.encoding=UTF-8 -Dsun.stderr.encoding=UTF-8 
java_command: com.hieunguyen.ShopStoreApplication
java_class_path (initial): C:\Users\nguye\OneDrive\Desktop\ProjectSpringBoot\shop-store\target\classes;C:\Users\nguye\.m2\repository\org\springframework\boot\spring-boot-starter-data-jdbc\3.4.3\spring-boot-starter-data-jdbc-3.4.3.jar;C:\Users\nguye\.m2\repository\org\springframework\boot\spring-boot-starter-jdbc\3.4.3\spring-boot-starter-jdbc-3.4.3.jar;C:\Users\nguye\.m2\repository\com\zaxxer\HikariCP\5.1.0\HikariCP-5.1.0.jar;C:\Users\nguye\.m2\repository\org\springframework\spring-jdbc\6.2.3\spring-jdbc-6.2.3.jar;C:\Users\nguye\.m2\repository\org\springframework\data\spring-data-jdbc\3.4.3\spring-data-jdbc-3.4.3.jar;C:\Users\nguye\.m2\repository\org\springframework\data\spring-data-relational\3.4.3\spring-data-relational-3.4.3.jar;C:\Users\nguye\.m2\repository\org\springframework\data\spring-data-commons\3.4.3\spring-data-commons-3.4.3.jar;C:\Users\nguye\.m2\repository\org\springframework\spring-tx\6.2.3\spring-tx-6.2.3.jar;C:\Users\nguye\.m2\repository\org\springframework\spring-context\6.2.3\spring-context-6.2.3.jar;C:\Users\nguye\.m2\repository\org\springframework\spring-beans\6.2.3\spring-beans-6.2.3.jar;C:\Users\nguye\.m2\repository\org\springframework\boot\spring-boot-starter-data-jpa\3.4.3\spring-boot-starter-data-jpa-3.4.3.jar;C:\Users\nguye\.m2\repository\org\springframework\boot\spring-boot-starter\3.4.3\spring-boot-starter-3.4.3.jar;C:\Users\nguye\.m2\repository\org\springframework\boot\spring-boot\3.4.3\spring-boot-3.4.3.jar;C:\Users\nguye\.m2\repository\org\springframework\boot\spring-boot-autoconfigure\3.4.3\spring-boot-autoconfigure-3.4.3.jar;C:\Users\nguye\.m2\repository\org\springframework\boot\spring-boot-starter-logging\3.4.3\spring-boot-starter-logging-3.4.3.jar;C:\Users\nguye\.m2\repository\ch\qos\logback\logback-classic\1.5.16\logback-classic-1.5.16.jar;C:\Users\nguye\.m2\repository\ch\qos\logback\logback-core\1.5.16\logback-core-1.5.16.jar;C:\Users\nguye\.m2\repository\org\apache\logging\log4j\log4j-to-slf4j\2.24.3\log4j-to-slf4j-2.24.3.jar;C:\Users\nguye\.m2\repository\org\apache\logging\log4j\log4j-api\2.24.3\log4j-api-2.24.3.jar;C:\Users\nguye\.m2\repository\org\slf4j\jul-to-slf4j\2.0.16\jul-to-slf4j-2.0.16.jar;C:\Users\nguye\.m2\repository\jakarta\annotation\jakarta.annotation-api\2.1.1\jakarta.annotation-api-2.1.1.jar;C:\Users\nguye\.m2\repository\org\yaml\snakeyaml\2.3\snakeyaml-2.3.jar;C:\Users\nguye\.m2\repository\org\hibernate\orm\hibernate-core\6.6.8.Final\hibernate-core-6.6.8.Final.jar;C:\Users\nguye\.m2\repository\jakarta\persistence\jakarta.persistence-api\3.1.0\jakarta.persistence-api-3.1.0.jar;C:\Users\nguye\.m2\repository\jakarta\transaction\jakarta.transaction-api\2.0.1\jakarta.transaction-api-2.0.1.jar;C:\Users\nguye\.m2\repository\org\jboss\logging\jboss-logging\3.6.1.Final\jboss-logging-3.6.1.Final.jar;C:\Users\nguye\.m2\repository\org\hibernate\common\hibernate-commons-annotations\7.0.3.Final\hibernate-commons-annotations-7.0.3.Final.jar;C:\Users\nguye\.m2\repository\io\smallrye\jandex\3.2.0\jandex-3.2.0.jar;C:\Users\nguye\.m2\repository\net\bytebuddy\byte-buddy\1.15.11\byte-buddy-1.15.11.jar;C:\Users\nguye\.m2\repository\org\glassfish\jaxb\jaxb-runtime\4.0.5\jaxb-runtime-4.0.5.jar;C:\Users\nguye\.m2\repository\org\glassfish\jaxb\jaxb-core\4.0.5\jaxb-core-4.0.5.jar;C:\Users\nguye\.m2\repository\org\glassfish\jaxb\txw2\4.0.5\txw2-4.0.5.jar;C:\Users\nguye\.m2\repository\com\sun\istack\istack-commons-runtime\4.1.2\istack-commons-runtime-4.1.2.jar;C:\Users\nguye\.m2\repository\jakarta\inject\jakarta.inject-api\2.0.1\jakarta.inject-api-2.0.1.jar;C:\Users\nguye\.m2\repository\org\antlr\antlr4-runtime\4.13.0\antlr4-runtime-4.13.0.jar;C:\Users\nguye\.m2\repository\org\springframework\data\spring-data-jpa\3.4.3\spring-data-jpa-3.4.3.jar;C:\Users\nguye\.m2\repository\org\springframework\spring-orm\6.2.3\spring-orm-6.2.3.jar;C:\Users\nguye\.m2\repository\org\springframework\spring-aspects\6.2.3\spring-aspects-6.2.3.jar;C:\Users\nguye\.m2\repository\org\aspectj\aspectjweaver\1.9.22.1\aspectjweaver-1.9.22.1.jar;C:\Users\nguye\.m2\repository\org\springframework\boot\spring-boot-starter-security\3.4.3\spring-boot-starter-security-3.4.3.jar;C:\Users\nguye\.m2\repository\org\springframework\spring-aop\6.2.3\spring-aop-6.2.3.jar;C:\Users\nguye\.m2\repository\org\springframework\security\spring-security-config\6.4.3\spring-security-config-6.4.3.jar;C:\Users\nguye\.m2\repository\org\springframework\security\spring-security-web\6.4.3\spring-security-web-6.4.3.jar;C:\Users\nguye\.m2\repository\org\springframework\spring-expression\6.2.3\spring-expression-6.2.3.jar;C:\Users\nguye\.m2\repository\org\springframework\boot\spring-boot-starter-validation\3.4.3\spring-boot-starter-validation-3.4.3.jar;C:\Users\nguye\.m2\repository\org\apache\tomcat\embed\tomcat-embed-el\10.1.36\tomcat-embed-el-10.1.36.jar;C:\Users\nguye\.m2\repository\org\hibernate\validator\hibernate-validator\8.0.2.Final\hibernate-validator-8.0.2.Final.jar;C:\Users\nguye\.m2\repository\jakarta\validation\jakarta.validation-api\3.0.2\jakarta.validation-api-3.0.2.jar;C:\Users\nguye\.m2\repository\org\springframework\boot\spring-boot-starter-web\3.4.3\spring-boot-starter-web-3.4.3.jar;C:\Users\nguye\.m2\repository\org\springframework\boot\spring-boot-starter-json\3.4.3\spring-boot-starter-json-3.4.3.jar;C:\Users\nguye\.m2\repository\com\fasterxml\jackson\datatype\jackson-datatype-jdk8\2.18.2\jackson-datatype-jdk8-2.18.2.jar;C:\Users\nguye\.m2\repository\com\fasterxml\jackson\datatype\jackson-datatype-jsr310\2.18.2\jackson-datatype-jsr310-2.18.2.jar;C:\Users\nguye\.m2\repository\com\fasterxml\jackson\module\jackson-module-parameter-names\2.18.2\jackson-module-parameter-names-2.18.2.jar;C:\Users\nguye\.m2\repository\org\springframework\boot\spring-boot-starter-tomcat\3.4.3\spring-boot-starter-tomcat-3.4.3.jar;C:\Users\nguye\.m2\repository\org\apache\tomcat\embed\tomcat-embed-core\10.1.36\tomcat-embed-core-10.1.36.jar;C:\Users\nguye\.m2\repository\org\apache\tomcat\embed\tomcat-embed-websocket\10.1.36\tomcat-embed-websocket-10.1.36.jar;C:\Users\nguye\.m2\repository\org\springframework\spring-web\6.2.3\spring-web-6.2.3.jar;C:\Users\nguye\.m2\repository\io\micrometer\micrometer-observation\1.14.4\micrometer-observation-1.14.4.jar;C:\Users\nguye\.m2\repository\io\micrometer\micrometer-commons\1.14.4\micrometer-commons-1.14.4.jar;C:\Users\nguye\.m2\repository\org\springframework\spring-webmvc\6.2.3\spring-webmvc-6.2.3.jar;C:\Users\nguye\.m2\repository\io\springfox\springfox-boot-starter\3.0.0\springfox-boot-starter-3.0.0.jar;C:\Users\nguye\.m2\repository\io\springfox\springfox-oas\3.0.0\springfox-oas-3.0.0.jar;C:\Users\nguye\.m2\repository\io\swagger\core\v3\swagger-annotations\2.1.2\swagger-annotations-2.1.2.jar;C:\Users\nguye\.m2\repository\io\swagger\core\v3\swagger-models\2.1.2\swagger-models-2.1.2.jar;C:\Users\nguye\.m2\repository\io\springfox\springfox-spi\3.0.0\springfox-spi-3.0.0.jar;C:\Users\nguye\.m2\repository\io\springfox\springfox-schema\3.0.0\springfox-schema-3.0.0.jar;C:\Users\nguye\.m2\repository\io\springfox\springfox-core\3.0.0\springfox-core-3.0.0.jar;C:\Users\nguye\.m2\repository\io\springfox\springfox-spring-web\3.0.0\springfox-spring-web-3.0.0.jar;C:\Users\nguye\.m2\repository\io\github\classgraph\classgraph\4.8.83\classgraph-4.8.83.jar;C:\Users\nguye\.m2\repository\io\springfox\springfox-spring-webmvc\3.0.0\springfox-spring-webmvc-3.0.0.jar;C:\Users\nguye\.m2\repository\io\springfox\springfox-spring-webflux\3.0.0\springfox-spring-webflux-3.0.0.jar;C:\Users\nguye\.m2\repository\io\springfox\springfox-swagger-common\3.0.0\springfox-swagger-common-3.0.0.jar;C:\Users\nguye\.m2\repository\org\mapstruct\mapstruct\1.3.1.Final\mapstruct-1.3.1.Final.jar;C:\Users\nguye\.m2\repository\io\springfox\springfox-data-rest\3.0.0\springfox-data-rest-3.0.0.jar;C:\Users\nguye\.m2\repository\io\springfox\springfox-bean-validators\3.0.0\springfox-bean-validators-3.0.0.jar;C:\Users\nguye\.m2\repository\io\springfox\springfox-swagger2\3.0.0\springfox-swagger2-3.0.0.jar;C:\Users\nguye\.m2\repository\io\swagger\swagger-annotations\1.5.20\swagger-annotations-1.5.20.jar;C:\Users\nguye\.m2\repository\io\swagger\swagger-models\1.5.20\swagger-models-1.5.20.jar;C:\Users\nguye\.m2\repository\io\springfox\springfox-swagger-ui\3.0.0\springfox-swagger-ui-3.0.0.jar;C:\Users\nguye\.m2\repository\com\fasterxml\classmate\1.7.0\classmate-1.7.0.jar;C:\Users\nguye\.m2\repository\org\slf4j\slf4j-api\2.0.16\slf4j-api-2.0.16.jar;C:\Users\nguye\.m2\repository\org\springframework\plugin\spring-plugin-core\2.0.0.RELEASE\spring-plugin-core-2.0.0.RELEASE.jar;C:\Users\nguye\.m2\repository\org\springframework\plugin\spring-plugin-metadata\2.0.0.RELEASE\spring-plugin-metadata-2.0.0.RELEASE.jar;C:\Users\nguye\.m2\repository\com\mysql\mysql-connector-j\9.1.0\mysql-connector-j-9.1.0.jar;C:\Users\nguye\.m2\repository\org\projectlombok\lombok\1.18.36\lombok-1.18.36.jar;C:\Users\nguye\.m2\repository\jakarta\xml\bind\jakarta.xml.bind-api\4.0.2\jakarta.xml.bind-api-4.0.2.jar;C:\Users\nguye\.m2\repository\jakarta\activation\jakarta.activation-api\2.1.3\jakarta.activation-api-2.1.3.jar;C:\Users\nguye\.m2\repository\net\minidev\json-smart\2.5.2\json-smart-2.5.2.jar;C:\Users\nguye\.m2\repository\net\minidev\accessors-smart\2.5.2\accessors-smart-2.5.2.jar;C:\Users\nguye\.m2\repository\org\ow2\asm\asm\9.7.1\asm-9.7.1.jar;C:\Users\nguye\.m2\repository\org\springframework\spring-core\6.2.3\spring-core-6.2.3.jar;C:\Users\nguye\.m2\repository\org\springframework\spring-jcl\6.2.3\spring-jcl-6.2.3.jar;C:\Users\nguye\.m2\repository\org\springframework\security\spring-security-core\6.4.3\spring-security-core-6.4.3.jar;C:\Users\nguye\.m2\repository\org\springframework\security\spring-security-crypto\6.4.3\spring-security-crypto-6.4.3.jar;C:\Users\nguye\.m2\repository\org\springframework\boot\spring-boot-starter-oauth2-client\3.4.3\spring-boot-starter-oauth2-client-3.4.3.jar;C:\Users\nguye\.m2\repository\org\springframework\security\spring-security-oauth2-client\6.4.3\spring-security-oauth2-client-6.4.3.jar;C:\Users\nguye\.m2\repository\org\springframework\security\spring-security-oauth2-core\6.4.3\spring-security-oauth2-core-6.4.3.jar;C:\Users\nguye\.m2\repository\com\nimbusds\oauth2-oidc-sdk\9.43.6\oauth2-oidc-sdk-9.43.6.jar;C:\Users\nguye\.m2\repository\com\github\stephenc\jcip\jcip-annotations\1.0-1\jcip-annotations-1.0-1.jar;C:\Users\nguye\.m2\repository\com\nimbusds\content-type\2.2\content-type-2.2.jar;C:\Users\nguye\.m2\repository\com\nimbusds\lang-tag\1.7\lang-tag-1.7.jar;C:\Users\nguye\.m2\repository\org\springframework\security\spring-security-oauth2-jose\6.4.3\spring-security-oauth2-jose-6.4.3.jar;C:\Users\nguye\.m2\repository\com\nimbusds\nimbus-jose-jwt\9.37.3\nimbus-jose-jwt-9.37.3.jar;C:\Users\nguye\.m2\repository\io\jsonwebtoken\jjwt-api\0.11.5\jjwt-api-0.11.5.jar;C:\Users\nguye\.m2\repository\io\jsonwebtoken\jjwt-impl\0.11.5\jjwt-impl-0.11.5.jar;C:\Users\nguye\.m2\repository\io\jsonwebtoken\jjwt-jackson\0.11.5\jjwt-jackson-0.11.5.jar;C:\Users\nguye\.m2\repository\com\fasterxml\jackson\core\jackson-databind\2.18.2\jackson-databind-2.18.2.jar;C:\Users\nguye\.m2\repository\com\fasterxml\jackson\core\jackson-annotations\2.18.2\jackson-annotations-2.18.2.jar;C:\Users\nguye\.m2\repository\com\fasterxml\jackson\core\jackson-core\2.18.2\jackson-core-2.18.2.jar;C:\Users\nguye\.m2\repository\org\springframework\boot\spring-boot-starter-mail\3.4.3\spring-boot-starter-mail-3.4.3.jar;C:\Users\nguye\.m2\repository\org\springframework\spring-context-support\6.2.3\spring-context-support-6.2.3.jar;C:\Users\nguye\.m2\repository\org\eclipse\angus\jakarta.mail\2.0.3\jakarta.mail-2.0.3.jar;C:\Users\nguye\.m2\repository\org\eclipse\angus\angus-activation\2.0.2\angus-activation-2.0.2.jar;C:\Users\nguye\.m2\repository\org\springframework\boot\spring-boot-starter-data-redis\3.4.3\spring-boot-starter-data-redis-3.4.3.jar;C:\Users\nguye\.m2\repository\io\lettuce\lettuce-core\6.4.2.RELEASE\lettuce-core-6.4.2.RELEASE.jar;C:\Users\nguye\.m2\repository\io\netty\netty-common\4.1.118.Final\netty-common-4.1.118.Final.jar;C:\Users\nguye\.m2\repository\io\netty\netty-handler\4.1.118.Final\netty-handler-4.1.118.Final.jar;C:\Users\nguye\.m2\repository\io\netty\netty-resolver\4.1.118.Final\netty-resolver-4.1.118.Final.jar;C:\Users\nguye\.m2\repository\io\netty\netty-buffer\4.1.118.Final\netty-buffer-4.1.118.Final.jar;C:\Users\nguye\.m2\repository\io\netty\netty-transport-native-unix-common\4.1.118.Final\netty-transport-native-unix-common-4.1.118.Final.jar;C:\Users\nguye\.m2\repository\io\netty\netty-codec\4.1.118.Final\netty-codec-4.1.118.Final.jar;C:\Users\nguye\.m2\repository\io\netty\netty-transport\4.1.118.Final\netty-transport-4.1.118.Final.jar;C:\Users\nguye\.m2\repository\io\projectreactor\reactor-core\3.7.3\reactor-core-3.7.3.jar;C:\Users\nguye\.m2\repository\org\reactivestreams\reactive-streams\1.0.4\reactive-streams-1.0.4.jar;C:\Users\nguye\.m2\repository\org\springframework\data\spring-data-redis\3.4.3\spring-data-redis-3.4.3.jar;C:\Users\nguye\.m2\repository\org\springframework\data\spring-data-keyvalue\3.4.3\spring-data-keyvalue-3.4.3.jar;C:\Users\nguye\.m2\repository\org\springframework\spring-oxm\6.2.3\spring-oxm-6.2.3.jar
Launcher Type: SUN_STANDARD

[Global flags]
     intx CICompilerCount                          = 12                                        {product} {ergonomic}
     uint ConcGCThreads                            = 3                                         {product} {ergonomic}
     uint G1ConcRefinementThreads                  = 13                                        {product} {ergonomic}
   size_t G1HeapRegionSize                         = 2097152                                   {product} {ergonomic}
   size_t InitialHeapSize                          = 266338304                                 {product} {ergonomic}
   size_t MarkStackSize                            = 4194304                                   {product} {ergonomic}
   size_t MarkStackSizeMax                         = 536870912                                 {product} {ergonomic}
   size_t MaxHeapSize                              = 4232052736                                {product} {ergonomic}
   size_t MaxNewSize                               = 2537553920                                {product} {ergonomic}
   size_t MinHeapDeltaBytes                        = 2097152                                   {product} {ergonomic}
   size_t MinHeapSize                              = 8388608                                   {product} {ergonomic}
    uintx NonNMethodCodeHeapSize                   = 7602176                                {pd product} {ergonomic}
    uintx NonProfiledCodeHeapSize                  = 122093568                              {pd product} {ergonomic}
    uintx ProfiledCodeHeapSize                     = 121962496                              {pd product} {ergonomic}
    uintx ReservedCodeCacheSize                    = 251658240                              {pd product} {ergonomic}
     bool SegmentedCodeCache                       = true                                      {product} {ergonomic}
   size_t SoftMaxHeapSize                          = 4232052736                             {manageable} {ergonomic}
     bool UseCompressedOops                        = true                           {product lp64_product} {ergonomic}
     bool UseG1GC                                  = true                                      {product} {ergonomic}
     bool UseLargePagesIndividualAllocation        = false                                  {pd product} {ergonomic}

Logging:
Log output configuration:
 #0: stdout all=warning uptime,level,tags foldmultilines=false
 #1: stderr all=off uptime,level,tags foldmultilines=false

Environment Variables:
JAVA_HOME=C:\Program Files\Java\jdk-17
PATH=C:\Python313\Scripts\;C:\Python313\;C:\Program Files\Common Files\Oracle\Java\javapath;C:\Program Files (x86)\Common Files\Oracle\Java\java8path;C:\Program Files (x86)\Common Files\Oracle\Java\javapath;C:\WINDOWS\system32;C:\WINDOWS;C:\WINDOWS\System32\Wbem;C:\WINDOWS\System32\WindowsPowerShell\v1.0\;C:\WINDOWS\System32\OpenSSH\;C:\Program Files (x86)\Java\jre1.8.0_431\bin;C:\apache-maven-3.9.9\bin;C:\Program Files\Docker\Docker\Resources\bin;C:\Program Files\Git\cmd;C:\ProgramData\chocolatey\bin;C:\Program Files\MySQL\MySQL Server 8.0\bin;C:\Program Files\nodejs\;C:\Program Files\Docker\Docker\resources\bin;C:\Program Files\Go\bin;C:\Program Files\Cloudflare\Cloudflare WARP\;C:\Users\nguye\AppData\Local\Microsoft\WindowsApps;C:\Users\nguye\AppData\Local\GitHubDesktop\bin;C:\Users\nguye\AppData\Local\Programs\Microsoft VS Code\bin;C:\Users\nguye\AppData\Roaming\npm;C:\Users\nguye\go\bin
USERNAME=nguye
OS=Windows_NT
PROCESSOR_IDENTIFIER=Intel64 Family 6 Model 191 Stepping 2, GenuineIntel
TMP=C:\Users\nguye\AppData\Local\Temp
TEMP=C:\Users\nguye\AppData\Local\Temp




Periodic native trim disabled

---------------  S Y S T E M  ---------------

OS:
 Windows 11 , 64 bit Build 26100 (10.0.26100.3775)
OS uptime: 0 days 16:27 hours
Hyper-V role detected

CPU: total 16 (initial active 16) (8 cores per cpu, 2 threads per core) family 6 model 191 stepping 2 microcode 0x26, cx8, cmov, fxsr, ht, mmx, 3dnowpref, sse, sse2, sse3, ssse3, sse4.1, sse4.2, popcnt, lzcnt, tsc, tscinvbit, avx, avx2, aes, erms, clmul, bmi1, bmi2, adx, sha, fma, vzeroupper, clflush, clflushopt, clwb, hv, serialize, rdtscp, rdpid, fsrm, gfni, f16c, cet_ibt, cet_ss
Processor Information for the first 16 processors :
  Max Mhz: 2500, Current Mhz: 2500, Mhz Limit: 2500

Memory: 4k page, system-wide physical 16141M (2117M free)
TotalPageFile size 20237M (AvailPageFile size 3M)
current process WorkingSet (physical memory assigned to process): 317M, peak: 458M
current process commit charge ("private bytes"): 447M, peak: 506M

vm_info: OpenJDK 64-Bit Server VM (23.0.1+11-39) for windows-amd64 JRE (23.0.1+11-39), built on 2024-09-30T07:20:43Z with MS VC++ 17.6 (VS2022)

END.
